Clap_App_code/SensorList/app/build/outputs/logs/manifest-merger-debug-report.txt
-- Merging decision tree log ---
manifest
ADDED from src\main\AndroidManifest.xml:2:1-18:12
INJECTED from src\main\AndroidManifest.xml:2:1-18:12
INJECTED from src\main\AndroidManifest.xml:2:1-18:12
INJECTED from src\main\AndroidManifest.xml:2:1-18:12
INJECTED from src\main\AndroidManifest.xml:2:1-18:12
INJECTED from src\main\AndroidManifest.xml:2:1-18:12
INJECTED from src\main\AndroidManifest.xml:2:1-18:12
	package
		ADDED from src\main\AndroidManifest.xml:3:7-45
		INJECTED from src\main\AndroidManifest.xml
		INJECTED from src\main\AndroidManifest.xml
	android:versionName
		ADDED from src\main\AndroidManifest.xml:5:7-32
		INJECTED from src\main\AndroidManifest.xml
		INJECTED from src\main\AndroidManifest.xml
	xmlns:android
		ADDED from src\main\AndroidManifest.xml:2:11-69
	android:versionCode
		ADDED from src\main\AndroidManifest.xml:4:7-30
		INJECTED from src\main\AndroidManifest.xml
		INJECTED from src\main\AndroidManifest.xml
uses-sdk
ADDED from src\main\AndroidManifest.xml:6:5-47
INJECTED from src\main\AndroidManifest.xml:6:5-47
INJECTED from src\main\AndroidManifest.xml:6:5-47
INJECTED from src\main\AndroidManifest.xml:6:5-47
INJECTED from src\main\AndroidManifest.xml:6:5-47
	android:targetSdkVersion
		ADDED from src\main\AndroidManifest.xml:6:15-44
		INJECTED from src\main\AndroidManifest.xml
		INJECTED from src\main\AndroidManifest.xml
	android:minSdkVersion
		INJECTED from src\main\AndroidManifest.xml
		ADDED from src\main\AndroidManifest.xml:6:5-47
		INJECTED from src\main\AndroidManifest.xml
uses-feature#android.hardware.sensor.proximity
ADDED from src\main\AndroidManifest.xml:7:5-8:35
	android:required
		ADDED from src\main\AndroidManifest.xml:8:9-32
	android:name
		ADDED from src\main\AndroidManifest.xml:7:19-67
application
ADDED from src\main\AndroidManifest.xml:9:5-17:19
	android:label
		ADDED from src\main\AndroidManifest.xml:9:48-80
	android:icon
		ADDED from src\main\AndroidManifest.xml:9:18-47
activity#com.androidbook.sensors.list.MainActivity
ADDED from src\main\AndroidManifest.xml:10:9-16:20
	android:label
		ADDED from src\main\AndroidManifest.xml:11:19-51
	android:name
		ADDED from src\main\AndroidManifest.xml:10:19-47
intent-filter#action:name:android.intent.action.MAIN+category:name:android.intent.category.LAUNCHER
ADDED from src\main\AndroidManifest.xml:12:13-15:29
action#android.intent.action.MAIN
ADDED from src\main\AndroidManifest.xml:13:17-69
	android:name
		ADDED from src\main\AndroidManifest.xml:13:25-66
category#android.intent.category.LAUNCHER
ADDED from src\main\AndroidManifest.xml:14:17-77
	android:name
		ADDED from src\main\AndroidManifest.xml:14:27-74